[INFO] SCHEMA VERIFICATION START
[INFO] ASSUME OK 5 records
[INFO] AZIENDA_ESTERNA OK 3 records
[INFO] CAMERA OK 5 records
[INFO] CONSULENZA OK 3 records
[INFO] CONTRATTO OK 4 records
[INFO] DIETA OK 2 records
[INFO] DITTA_PULIZIE OK 1 records
[INFO] DITTA_RISTORANTE OK 1 records
[WARNING] DOCUMENTO EMPTY TABLE
[INFO] EFFETTUA OK 3 records
[INFO] ENTE OK 3 records
[INFO] FARMACO OK 5 records
[INFO] FORNISCE OK 2 records
[INFO] MALATTIA OK 4 records
[INFO] MEDICO OK 3 records
[INFO] NECESSITA OK 4 records
[INFO] OPERATORE OK 2 records
[INFO] PAI OK 4 records
[INFO] PARENTE OK 3 records
[INFO] PERSONA OK 12 records
[INFO] PERSONALE OK 6 records
[INFO] PRENOTAZIONE OK 3 records
[INFO] PULISCE OK 4 records
[INFO] REPARTO OK 3 records
[INFO] RESIDENTE OK 5 records
[INFO] RICEVE OK 3 records
[INFO] RISOLVE OK 4 records
[INFO] SOFFRE OK 5 records
[INFO] TRATTAMENTO OK 4 records
[INFO] TURNO_EFFETTUATO OK 3 records
[INFO] TURNO_PROGRAMMATO OK 4 records
[INFO] TUTORE OK 2 records
[INFO] VISITA OK 3 records
[INFO] TRIGGERS FOUND 8
[INFO] FUNCTIONS FOUND 7
[INFO] PK/FK CONSTRAINTS 72
[INFO] STATUS OK tables 33 triggers 8 functions 7 constraints 72
