[REPORT] RSA - REPORT DATABASE

[REPORT] TABELLE
----------------------------------------
  PERSONA                          12
  PERSONALE                         6
  PARENTE                           3
  TUTORE                            2
  OPERATORE                         2
  CONTRATTO                         4
  MEDICO                            3
  REPARTO                           3
  CAMERA                            5
  RESIDENTE                         5
  MALATTIA                          4
  FARMACO                           5
  TRATTAMENTO                       4
  SOFFRE                            5
  ASSUME                            5
  PAI                               4
  NECESSITA                         4
  AZIENDA_ESTERNA                   5
  DITTA                             3
  FORNITORE                         2
  DITTA_PULIZIA                     2
  DITTA_RISTORANTE                  1
  FORNISCE                          4
  PULISCE                           4
  DOCUMENTO                         3
  ENTE                              3
  PRENOTAZIONE                      3
  TURNO_PROGRAMMATO                 4
  TURNO_EFFETTUATO                  3
  VISITA                            3
  CONSULENZA                        3
  RICEVE                            3
  EFFETTUA                          3
----------------------------------------
  TOTALE                          125

[REPORT] FUNZIONI
--------------------------------------------------

  ETA RESIDENTI
  NOME                    COGNOME                 CALCOLA_ETA(R.CODICE_FISCALE)
  Giovanni                Verdi                   86                    
  Mario                   Pellegrini              91                    
  Anna                    Ferrari                 84                    
  Luigi                   Natalini                75                    
  Luisa                   Rossi                   88                    

  CAMERE LIBERE
  NOME_REPARTO            CONTEGGIO_CAMERE_LIBERE(CODICE_REPARTO)
  Geriatria               0                     
  Cardiologia             0                     
  Neurologia              0                     

  FARMACI ASSEGNATI
  NOME                    COGNOME                 CONTEGGIO_FARMACI_ASSEGNATI(R.CODICE_FISCALE)
  Giovanni                Verdi                   1                     
  Mario                   Pellegrini              1                     
  Anna                    Ferrari                 1                     
  Luigi                   Natalini                1                     
  Luisa                   Rossi                   1                     

  STIPENDIO MESE
  NOME                    COGNOME                 CALCOLA_STIPENDIO_MENSILE(P.CODICE_FISCALE)
  Marco                   Rossi                   4080                  
  Laura                   Bianchi                 3520                  
  Giuseppe                Colombo                 4600                  
  Angela                  Montanari               3200                  
  Marco                   Davoli                  0                     
  Serena                  Greco                   0                     

  PAI ATTIVI
  NOME                    COGNOME                 VERIFICA_PAI_ATTIVO(R.CODICE_FISCALE)
  Giovanni                Verdi                   ATTIVO                
  Mario                   Pellegrini              ATTIVO                
  Anna                    Ferrari                 ATTIVO                
  Luigi                   Natalini                NESSUN PAI            
  Luisa                   Rossi                   ATTIVO                

  ESITO TRATTAMENTI
  CODICE_TRATTAMENTO      DESCRIZIONE_ESITO_TRATTAMENTO(CODICE_TRATTAMENTO)
  TRAT001                 RAGGIUNTO: Miglioramento cognitivo documentato
  TRAT002                 IN CORSO              
  TRAT003                 RAGGIUNTO: Glicemia stabilizzata
  TRAT004                 IN CORSO              

  NUMERO VISITE
  NOME                    COGNOME                 CONTEGGIO_VISITE_RESIDENTE(R.CODICE_FISCALE,TO_DATE('2025-01-01','YYYY-MM-DD'),TO_DATE('2025-12-31','YYYY-MM-DD'))
  Giovanni                Verdi                   1                     
  Mario                   Pellegrini              1                     
  Anna                    Ferrari                 1                     
  Luigi                   Natalini                0                     
  Luisa                   Rossi                   0                     

[REPORT] TRIGGER
----------------------------------------------------------------------
  TRG_VALIDA_INSERIMENTO_PAI_TRATTAMENTO        NECESSITA       ENABLED
  TRG_AGGIORNA_DATA_REVISIONE_PAI               PAI             ENABLED
  TRG_DIMISSIONE_AUTOMATICA_RESIDENTE           PAI             ENABLED
  TRG_IMPEDISCI_MODIFICA_CF_PERSONA             PERSONA         ENABLED
  TRG_CONTROLLO_DISPONIBILITA_CAMERA            RESIDENTE       ENABLED
  TRG_IMPEDISCI_MODIFICA_CF_RESIDENTE           RESIDENTE       ENABLED
  TRG_VALIDA_ORARI_TURNO                        TURNO_PROGRAMMATO ENABLED
  TRG_VALIDA_ORARI_VISITA                       VISITA          ENABLED

[REPORT] VINCOLI PK/FK
----------------------------------------------------------------------
  PK PK_ASSUME                                     ASSUME
  FK FK_ASSUME_FARMACO                             ASSUME
  FK FK_ASSUME_RESIDENTE                           ASSUME
  PK PK_AZIENDA_ESTERNA                            AZIENDA_ESTERNA
  FK FK_AZIENDA_ESTERNA_OPERATORE                  AZIENDA_ESTERNA
  PK PK_CAMERA                                     CAMERA
  FK FK_CAMERA_REPARTO                             CAMERA
  PK PK_CONSULENZA                                 CONSULENZA
  PK PK_CONTRATTO                                  CONTRATTO
  FK FK_CONTRATTO_PERSONALE                        CONTRATTO
  PK PK_DITTA                                      DITTA
  FK FK_DITTA_AZIENDA_ESTERNA                      DITTA
  PK PK_DITTA_PULIZIA                              DITTA_PULIZIA
  FK FK_DITTA_PULIZIA_DITTA                        DITTA_PULIZIA
  PK PK_DITTA_RISTORANTE                           DITTA_RISTORANTE
  FK FK_DITTA_RISTORANTE_DITTA                     DITTA_RISTORANTE
  PK PK_DOCUMENTO                                  DOCUMENTO
  FK FK_DOCUMENTO_DITTA_RISTORANTE                 DOCUMENTO
  PK PK_EFFETTUA                                   EFFETTUA
  FK FK_EFFETTUA_CONSULENZA                        EFFETTUA
  FK FK_EFFETTUA_MEDICO                            EFFETTUA
  PK PK_ENTE                                       ENTE
  PK PK_FARMACO                                    FARMACO
  PK PK_FORNISCE                                   FORNISCE
  FK FK_FORNISCE_CAMERA                            FORNISCE
  FK FK_FORNISCE_FORNITORE                         FORNISCE
  PK PK_FORNITORE                                  FORNITORE
  FK FK_FORNITORE_AZIENDA_ESTERNA                  FORNITORE
  PK PK_MALATTIA                                   MALATTIA
  PK PK_MEDICO                                     MEDICO
  FK FK_MEDICO_PERSONALE                           MEDICO
  FK FK_MEDICO_CONTRATTO                           MEDICO
  PK PK_NECESSITA                                  NECESSITA
  FK FK_NECESSITA_PAI                              NECESSITA
  FK FK_NECESSITA_TRATTAMENTO                      NECESSITA
  PK PK_OPERATORE                                  OPERATORE
  FK FK_OPERATORE_PERSONALE                        OPERATORE
  PK PK_PAI                                        PAI
  FK FK_PAI_RESIDENTE                              PAI
  PK PK_PARENTE                                    PARENTE
  FK FK_PARENTE_PERSONA                            PARENTE
  PK PK_PERSONA                                    PERSONA
  PK PK_PERSONALE                                  PERSONALE
  FK FK_PERSONALE_PERSONA                          PERSONALE
  PK PK_PRENOTAZIONE                               PRENOTAZIONE
  FK FK_PRENOTAZIONE_TUTORE                        PRENOTAZIONE
  FK FK_PRENOTAZIONE_CAMERA                        PRENOTAZIONE
  PK PK_PULISCE                                    PULISCE
  FK FK_PULISCE_CAMERA                             PULISCE
  FK FK_PULISCE_DITTA_PULIZIA                      PULISCE
  PK PK_REPARTO                                    REPARTO
  FK FK_REPARTO_MEDICO                             REPARTO
  PK PK_RESIDENTE                                  RESIDENTE
  FK FK_RESIDENTE_CAMERA                           RESIDENTE
  FK FK_RESIDENTE_PERSONA                          RESIDENTE
  PK PK_RICEVE                                     RICEVE
  FK FK_RICEVE_RESIDENTE                           RICEVE
  FK FK_RICEVE_CONSULENZA                          RICEVE
  PK PK_SOFFRE                                     SOFFRE
  FK FK_SOFFRE_MALATTIA                            SOFFRE
  FK FK_SOFFRE_RESIDENTE                           SOFFRE
  PK PK_TRATTAMENTO                                TRATTAMENTO
  PK PK_TURNO_EFFETTUATO                           TURNO_EFFETTUATO
  FK FK_TURNO_EFF_TURNO_PROG                       TURNO_EFFETTUATO
  PK PK_TURNO_PROGRAMMATO                          TURNO_PROGRAMMATO
  FK FK_TURNO_PROG_PERSONALE                       TURNO_PROGRAMMATO
  PK PK_TUTORE                                     TUTORE
  FK FK_TUTORE_PERSONA                             TUTORE
  PK PK_VISITA                                     VISITA
  FK FK_VISITA_PARENTE                             VISITA
  FK FK_VISITA_RESIDENTE                           VISITA

[REPORT] STATO: COMPLETATO
